2025-11-13 09:39:27 - __main__ - INFO - Logging initialized. Log file: runs/training.log
2025-11-13 09:39:27 - __main__ - INFO - Python version: 3.14.0 (main, Oct 28 2025, 16:39:41) [GCC 13.3.0]
2025-11-13 09:39:27 - __main__ - INFO - PyTorch version: 2.9.0+cu128
2025-11-13 09:39:27 - __main__ - INFO - CUDA available: True
2025-11-13 09:39:27 - __main__ - INFO - CUDA device: NVIDIA GeForce RTX 4060
2025-11-13 09:39:27 - __main__ - INFO - ================================================================================
2025-11-13 09:39:27 - __main__ - INFO - BlobMaster Training - AlphaZero Self-Play Pipeline
2025-11-13 09:39:27 - __main__ - INFO - ================================================================================
2025-11-13 09:39:27 - __main__ - INFO - Config saved to models/checkpoints/config.json
2025-11-13 09:39:27 - __main__ - INFO - Configuration validated successfully
2025-11-13 09:39:27 - __main__ - INFO - 
Training Configuration:
  Self-play: 100 games, 2 workers
  MCTS: 2 determinizations, 10 sims/det
  Training: batch=64, lr=0.001, epochs=2
  Evaluation: 50 games, threshold=0.55
  Network: 6 layers, 8 heads, dim=256
  Device: cuda, Mixed Precision: True
2025-11-13 09:39:27 - __main__ - INFO - Checkpoint directory: models/checkpoints
2025-11-13 09:39:27 - __main__ - INFO - Network created: 4,917,301 total parameters
2025-11-13 09:39:27 - __main__ - INFO - Trainable parameters: 4,917,301
2025-11-13 09:39:27 - __main__ - INFO - Network device: cuda
2025-11-13 09:39:27 - __main__ - INFO - State encoder and action masker created
2025-11-13 09:39:28 - __main__ - INFO - Training pipeline initialized
2025-11-13 09:39:28 - __main__ - INFO - Starting training for 2 iterations...
2025-11-13 09:40:23 - __main__ - INFO - Training completed successfully!
2025-11-13 09:56:11 - __main__ - INFO - Logging initialized. Log file: runs/training.log
2025-11-13 09:56:11 - __main__ - INFO - Python version: 3.14.0 (main, Oct 28 2025, 16:39:41) [GCC 13.3.0]
2025-11-13 09:56:11 - __main__ - INFO - PyTorch version: 2.9.0+cu128
2025-11-13 09:56:11 - __main__ - INFO - CUDA available: True
2025-11-13 09:56:11 - __main__ - INFO - CUDA device: NVIDIA GeForce RTX 4060
2025-11-13 09:56:11 - __main__ - INFO - ================================================================================
2025-11-13 09:56:11 - __main__ - INFO - BlobMaster Training - AlphaZero Self-Play Pipeline
2025-11-13 09:56:11 - __main__ - INFO - ================================================================================
2025-11-13 09:56:11 - __main__ - INFO - Config saved to models/checkpoints/config.json
2025-11-13 09:56:11 - __main__ - INFO - Configuration validated successfully
2025-11-13 09:56:11 - __main__ - INFO - 
Training Configuration:
  Self-play: 100 games, 2 workers
  MCTS: 2 determinizations, 10 sims/det
  Training: batch=64, lr=0.001, epochs=2
  Evaluation: 50 games, threshold=0.55
  Network: 6 layers, 8 heads, dim=256
  Device: cuda, Mixed Precision: True
2025-11-13 09:56:11 - __main__ - INFO - Checkpoint directory: models/checkpoints
2025-11-13 09:56:11 - __main__ - INFO - Network created: 4,917,301 total parameters
2025-11-13 09:56:11 - __main__ - INFO - Trainable parameters: 4,917,301
2025-11-13 09:56:11 - __main__ - INFO - Network device: cuda
2025-11-13 09:56:11 - __main__ - INFO - State encoder and action masker created
2025-11-13 09:56:12 - __main__ - INFO - Training pipeline initialized
2025-11-13 09:56:12 - __main__ - INFO - Starting training for 2 iterations...
2025-11-13 09:57:07 - __main__ - INFO - Training completed successfully!
2025-11-13 09:57:24 - __main__ - INFO - Logging initialized. Log file: runs/training.log
2025-11-13 09:57:24 - __main__ - INFO - Python version: 3.14.0 (main, Oct 28 2025, 16:39:41) [GCC 13.3.0]
2025-11-13 09:57:24 - __main__ - INFO - PyTorch version: 2.9.0+cu128
2025-11-13 09:57:24 - __main__ - INFO - CUDA available: True
2025-11-13 09:57:24 - __main__ - INFO - CUDA device: NVIDIA GeForce RTX 4060
2025-11-13 09:57:24 - __main__ - INFO - ================================================================================
2025-11-13 09:57:24 - __main__ - INFO - BlobMaster Training - AlphaZero Self-Play Pipeline
2025-11-13 09:57:24 - __main__ - INFO - ================================================================================
2025-11-13 09:57:24 - __main__ - INFO - Config saved to models/checkpoints/config.json
2025-11-13 09:57:24 - __main__ - INFO - Configuration validated successfully
2025-11-13 09:57:24 - __main__ - INFO - 
Training Configuration:
  Self-play: 100 games, 2 workers
  MCTS: 2 determinizations, 10 sims/det
  Training: batch=64, lr=0.001, epochs=2
  Evaluation: 50 games, threshold=0.55
  Network: 6 layers, 8 heads, dim=256
  Device: cuda, Mixed Precision: True
2025-11-13 09:57:24 - __main__ - INFO - Checkpoint directory: models/checkpoints
2025-11-13 09:57:24 - __main__ - INFO - Network created: 4,917,301 total parameters
2025-11-13 09:57:24 - __main__ - INFO - Trainable parameters: 4,917,301
2025-11-13 09:57:24 - __main__ - INFO - Network device: cuda
2025-11-13 09:57:24 - __main__ - INFO - State encoder and action masker created
2025-11-13 09:57:24 - __main__ - INFO - Training pipeline initialized
2025-11-13 09:57:24 - __main__ - INFO - Starting training for 2 iterations...
2025-11-13 09:58:19 - __main__ - INFO - Training completed successfully!
2025-11-14 15:21:21 - __main__ - INFO - Logging initialized. Log file: runs/training.log
2025-11-14 15:21:21 - __main__ - INFO - Python version: 3.14.0 (main, Oct 28 2025, 16:39:41) [GCC 13.3.0]
2025-11-14 15:21:21 - __main__ - INFO - PyTorch version: 2.9.0+cu128
2025-11-14 15:21:21 - __main__ - INFO - CUDA available: True
2025-11-14 15:21:21 - __main__ - INFO - CUDA device: NVIDIA GeForce RTX 4060
2025-11-14 15:21:21 - __main__ - INFO - ================================================================================
2025-11-14 15:21:21 - __main__ - INFO - BlobMaster Training - AlphaZero Self-Play Pipeline
2025-11-14 15:21:21 - __main__ - INFO - ================================================================================
2025-11-14 15:21:21 - __main__ - INFO - Config saved to models/checkpoints/config.json
2025-11-14 15:21:21 - __main__ - INFO - Configuration validated successfully
2025-11-14 15:21:21 - __main__ - INFO - 
Training Configuration:
  Self-play: 100 games, 2 workers
  MCTS: 2 determinizations, 10 sims/det
  Training: batch=64, lr=0.001, epochs=2
  Evaluation: 50 games, threshold=0.55
  Network: 6 layers, 8 heads, dim=256
  Device: cuda, Mixed Precision: True
2025-11-14 15:21:21 - __main__ - INFO - Checkpoint directory: models/checkpoints
2025-11-14 15:21:21 - __main__ - INFO - Network created: 4,917,301 total parameters
2025-11-14 15:21:21 - __main__ - INFO - Trainable parameters: 4,917,301
2025-11-14 15:21:21 - __main__ - INFO - Network device: cuda
2025-11-14 15:21:21 - __main__ - INFO - State encoder and action masker created
2025-11-14 15:21:21 - __main__ - INFO - Training pipeline initialized
2025-11-14 15:21:21 - __main__ - INFO - Starting training for 1 iterations...
2025-11-14 15:22:30 - __main__ - INFO - Logging initialized. Log file: runs/training.log
2025-11-14 15:22:30 - __main__ - INFO - Python version: 3.14.0 (main, Oct 28 2025, 16:39:41) [GCC 13.3.0]
2025-11-14 15:22:30 - __main__ - INFO - PyTorch version: 2.9.0+cu128
2025-11-14 15:22:30 - __main__ - INFO - CUDA available: True
2025-11-14 15:22:30 - __main__ - INFO - CUDA device: NVIDIA GeForce RTX 4060
2025-11-14 15:22:30 - __main__ - INFO - ================================================================================
2025-11-14 15:22:30 - __main__ - INFO - BlobMaster Training - AlphaZero Self-Play Pipeline
2025-11-14 15:22:30 - __main__ - INFO - ================================================================================
2025-11-14 15:22:30 - __main__ - INFO - Config saved to models/checkpoints/config.json
2025-11-14 15:22:30 - __main__ - INFO - Configuration validated successfully
2025-11-14 15:22:30 - __main__ - INFO - 
Training Configuration:
  Self-play: 100 games, 2 workers
  MCTS: 2 determinizations, 10 sims/det
  Training: batch=64, lr=0.001, epochs=2
  Evaluation: 50 games, threshold=0.55
  Network: 6 layers, 8 heads, dim=256
  Device: cuda, Mixed Precision: True
2025-11-14 15:22:30 - __main__ - INFO - Checkpoint directory: models/checkpoints
2025-11-14 15:22:30 - __main__ - INFO - Network created: 4,917,301 total parameters
2025-11-14 15:22:30 - __main__ - INFO - Trainable parameters: 4,917,301
2025-11-14 15:22:30 - __main__ - INFO - Network device: cuda
2025-11-14 15:22:30 - __main__ - INFO - State encoder and action masker created
2025-11-14 15:22:30 - __main__ - INFO - Training pipeline initialized
2025-11-14 15:22:30 - __main__ - INFO - Starting training for 1 iterations...
2025-11-14 15:24:47 - __main__ - INFO - Logging initialized. Log file: runs/training.log
2025-11-14 15:24:47 - __main__ - INFO - Python version: 3.14.0 (main, Oct 28 2025, 16:39:41) [GCC 13.3.0]
2025-11-14 15:24:47 - __main__ - INFO - PyTorch version: 2.9.0+cu128
2025-11-14 15:24:47 - __main__ - INFO - CUDA available: True
2025-11-14 15:24:47 - __main__ - INFO - CUDA device: NVIDIA GeForce RTX 4060
2025-11-14 15:24:47 - __main__ - INFO - ================================================================================
2025-11-14 15:24:47 - __main__ - INFO - BlobMaster Training - AlphaZero Self-Play Pipeline
2025-11-14 15:24:47 - __main__ - INFO - ================================================================================
2025-11-14 15:24:47 - __main__ - INFO - Config saved to models/checkpoints/config.json
2025-11-14 15:24:47 - __main__ - INFO - Configuration validated successfully
2025-11-14 15:24:47 - __main__ - INFO - 
Training Configuration:
  Self-play: 10000 games, 32 workers
  MCTS: 3 determinizations, 30 sims/det
  Training: batch=512, lr=0.001, epochs=10
  Evaluation: 400 games, threshold=0.55
  Network: 6 layers, 8 heads, dim=256
  Device: cuda, Mixed Precision: True
2025-11-14 15:24:47 - __main__ - INFO - Checkpoint directory: models/checkpoints
2025-11-14 15:24:48 - __main__ - INFO - Network created: 4,917,301 total parameters
2025-11-14 15:24:48 - __main__ - INFO - Trainable parameters: 4,917,301
2025-11-14 15:24:48 - __main__ - INFO - Network device: cuda
2025-11-14 15:24:48 - __main__ - INFO - State encoder and action masker created
2025-11-14 15:24:48 - __main__ - INFO - Training pipeline initialized
2025-11-14 15:24:48 - __main__ - INFO - Starting training for 500 iterations...
2025-11-21 17:02:25 - __main__ - INFO - Logging initialized. Log file: runs/training.log
2025-11-21 17:02:25 - __main__ - INFO - Python version: 3.14.0 (main, Nov 21 2025, 10:23:23) [GCC 13.3.0]
2025-11-21 17:02:25 - __main__ - INFO - PyTorch version: 2.9.1+cu128
2025-11-21 17:02:25 - __main__ - INFO - CUDA available: True
2025-11-21 17:02:25 - __main__ - INFO - CUDA device: NVIDIA GeForce RTX 4060
2025-11-21 17:02:25 - __main__ - INFO - ================================================================================
2025-11-21 17:02:25 - __main__ - INFO - BlobMaster Training - AlphaZero Self-Play Pipeline
2025-11-21 17:02:25 - __main__ - INFO - ================================================================================
2025-11-21 17:02:25 - __main__ - INFO - Config saved to models/checkpoints/config.json
2025-11-21 17:02:25 - __main__ - INFO - Configuration validated successfully
2025-11-21 17:02:25 - __main__ - INFO - 
Training Configuration:
  Self-play: 100 games, 2 workers
  MCTS: 2 determinizations, 10 sims/det
  Training: batch=64, lr=0.001, epochs=2
  Evaluation: 50 games, threshold=0.55
  Network: 6 layers, 8 heads, dim=256
  Device: cuda, Mixed Precision: True
2025-11-21 17:02:25 - __main__ - INFO - Checkpoint directory: models/checkpoints
2025-11-21 17:02:25 - __main__ - INFO - Network created: 4,917,301 total parameters
2025-11-21 17:02:25 - __main__ - INFO - Trainable parameters: 4,917,301
2025-11-21 17:02:25 - __main__ - INFO - Network device: cuda
2025-11-21 17:02:25 - __main__ - INFO - State encoder and action masker created
2025-11-21 17:02:26 - __main__ - INFO - Training pipeline initialized
2025-11-21 17:02:26 - __main__ - INFO - Starting training for 5 iterations...
2025-11-21 22:05:49 - ml.training.trainer - INFO - Cleaning up resources...
2025-11-21 22:05:49 - ml.training.trainer - INFO - Shutting down self-play workers...
2025-11-21 22:05:49 - __main__ - ERROR - Training failed with error: 'model_state_dict'
Traceback (most recent call last):
  File "/home/kbuntu/Documents/Github/BlobMaster/ml/train.py", line 320, in run_training_pipeline
    pipeline.run_training(
    ~~~~~~~~~~~~~~~~~~~~~^
        num_iterations=num_iterations,
        ^^^^^^^^^^^^^^^^^^^^^^^^^^^^^^
        resume_from=resume_from,
        ^^^^^^^^^^^^^^^^^^^^^^^^
    )
    ^
  File "/home/kbuntu/Documents/Github/BlobMaster/ml/training/trainer.py", line 849, in run_training
    metrics = self.run_iteration(iteration)
  File "/home/kbuntu/Documents/Github/BlobMaster/ml/training/trainer.py", line 942, in run_iteration
    eval_metrics = self._evaluation_phase(iteration)
  File "/home/kbuntu/Documents/Github/BlobMaster/ml/training/trainer.py", line 1199, in _evaluation_phase
    best_model.load_state_dict(checkpoint['model_state_dict'])
                               ~~~~~~~~~~^^^^^^^^^^^^^^^^^^^^
KeyError: 'model_state_dict'
